Application     c:\Users\krl\source\ENERGY\Community\community.ent
Type            ENTRY
Input Data      <<CSPro DB>> C:\Users\krl\source\ENERGY\Data\Community.csdb
<Paradata Log>  c:\Users\krl\source\ENERGY\Community\community.cslog

Date            Feb  5, 2020
Start Time      12:01:20
End Time        12:01:38

CSPRO Process Summary

System messages:

 Number    Frequency   Message text
 ------    ---------   ------------
   1010            1   Application error: protected field %n out of range - value is %f                      
  99990            6   Operator entered a value out of range                                                 

CSPRO Executor Normal End
------------------------------------------------------------------------------------------------------------------------
Application     c:\Users\krl\source\ENERGY\Community\community.ent
Type            ENTRY
Input Data      <<CSPro DB>> c:\Users\krl\source\ENERGY\Data\Community.csdb
<Paradata Log>  c:\Users\krl\source\ENERGY\Community\community.cslog

Date            Feb  5, 2020
Start Time      12:04:55
End Time        12:05:08

CSPRO Process Summary

System messages:

 Number    Frequency   Message text
 ------    ---------   ------------
   1010            1   Application error: protected field %n out of range - value is %f                      
  99990            6   Operator entered a value out of range                                                 

CSPRO Executor Normal End
------------------------------------------------------------------------------------------------------------------------
Application     c:\Users\krl\source\ENERGY\Community\community.ent
Type            ENTRY
Input Data      <<CSPro DB>> c:\Users\krl\source\ENERGY\Data\Community.csdb
<Paradata Log>  c:\Users\krl\source\ENERGY\Community\community.cslog

Date            Feb  5, 2020
Start Time      12:09:13
End Time        12:10:51

CSPRO Process Summary

User unnumbered messages:

   Line    Freq  Pct.  Message text                                                                                Denom
   ----    ----  ----  ------------                                                                                -----
     67       1    -   tr                                                                                              -

CSPRO Executor Normal End
------------------------------------------------------------------------------------------------------------------------
Application     c:\Users\krl\source\ENERGY\Community\community.ent
Type            ENTRY
Input Data      <<CSPro DB>> c:\Users\krl\source\ENERGY\Data\Community.csdb
<Paradata Log>  c:\Users\krl\source\ENERGY\Community\community.cslog

Date            Feb  5, 2020
Start Time      12:16:01
End Time        12:17:12

CSPRO Process Summary

User unnumbered messages:

   Line    Freq  Pct.  Message text                                                                                Denom
   ----    ----  ----  ------------                                                                                -----
     67       1    -   tr                                                                                              -

CSPRO Executor Normal End
------------------------------------------------------------------------------------------------------------------------
Application     c:\Users\krl\source\ENERGY\Community\community.ent
Type            ENTRY
Input Data      <<CSPro DB>> C:\Users\krl\source\ENERGY\Data\Community.csdb
<Paradata Log>  c:\Users\krl\source\ENERGY\Community\community.cslog

Date            Feb  6, 2020
Start Time      08:36:55
End Time        08:55:03

CSPRO Process Summary

System messages:

 Number    Frequency   Message text
 ------    ---------   ------------
  91162            1   Unable to 'skip to %s' - target-item has no field {in %p}                             
  99990            2   Operator entered a value out of range                                                 

User unnumbered messages:

   Line    Freq  Pct.  Message text                                                                                Denom
   ----    ----  ----  ------------                                                                                -----
     67       1    -   tr                                                                                              -
    230       1    -   tr                                                                                              -
    241       1    -   tr                                                                                              -

CSPRO Executor Normal End
------------------------------------------------------------------------------------------------------------------------
Application     c:\Users\krl\source\ENERGY\Community\community.ent
Type            ENTRY
Input Data      <<CSPro DB>> c:\Users\krl\source\ENERGY\Data\Community.csdb
<Paradata Log>  c:\Users\krl\source\ENERGY\Community\community.cslog

Date            Feb  6, 2020
Start Time      09:01:45
Application     c:\Users\krl\source\ENERGY\Community\community.ent
Type            ENTRY
Input Data      <<CSPro DB>> c:\Users\krl\source\ENERGY\Data\Community.csdb
<Paradata Log>  c:\Users\krl\source\ENERGY\Community\community.cslog

Date            Feb  6, 2020
Start Time      09:12:10
End Time        09:16:38

CSPRO Process Summary

System messages:

 Number    Frequency   Message text
 ------    ---------   ------------
  99990            1   Operator entered a value out of range                                                 

User unnumbered messages:

   Line    Freq  Pct.  Message text                                                                                Denom
   ----    ----  ----  ------------                                                                                -----
     67       1    -   tr                                                                                              -

CSPRO Executor Normal End
------------------------------------------------------------------------------------------------------------------------
Application     c:\Users\krl\source\ENERGY\Community\community.ent
Type            ENTRY
Input Data      <<CSPro DB>> c:\Users\krl\source\ENERGY\Data\Community.csdb
<Paradata Log>  c:\Users\krl\source\ENERGY\Community\community.cslog

Date            Feb  6, 2020
Start Time      09:17:11
End Time        09:23:06

CSPRO Process Summary

System messages:

 Number    Frequency   Message text
 ------    ---------   ------------
  92101            1   Case ids '%s' duplicate an existing case! Case ids must be unique.                    
  99990           11   Operator entered a value out of range                                                 

User unnumbered messages:

   Line    Freq  Pct.  Message text                                                                                Denom
   ----    ----  ----  ------------                                                                                -----
     67       1    -   tr                                                                                              -
    233       1    -   tr                                                                                              -

CSPRO Executor Normal End
------------------------------------------------------------------------------------------------------------------------
Application     c:\Users\krl\source\ENERGY\Community\community.ent
Type            ENTRY
Input Data      <<CSPro DB>> c:\Users\krl\source\ENERGY\Data\Community.csdb
<Paradata Log>  c:\Users\krl\source\ENERGY\Community\community.cslog

Date            Feb  6, 2020
Start Time      09:23:13
End Time        09:25:28

CSPRO Process Summary

System messages:

 Number    Frequency   Message text
 ------    ---------   ------------
  99990            2   Operator entered a value out of range                                                 

User unnumbered messages:

   Line    Freq  Pct.  Message text                                                                                Denom
   ----    ----  ----  ------------                                                                                -----
     67       1    -   tr                                                                                              -

CSPRO Executor Normal End
------------------------------------------------------------------------------------------------------------------------
Application     c:\Users\krl\source\ENERGY\Community\community.ent
Type            ENTRY
Input Data      <<CSPro DB>> c:\Users\krl\source\ENERGY\Data\Community.csdb
<Paradata Log>  c:\Users\krl\source\ENERGY\Community\community.cslog

Date            Feb  6, 2020
Start Time      09:26:45
End Time        09:26:56

CSPRO Process Summary

System messages:

 Number    Frequency   Message text
 ------    ---------   ------------
   1010            1   Application error: protected field %n out of range - value is %f                      
  99990            6   Operator entered a value out of range                                                 

CSPRO Executor Normal End
------------------------------------------------------------------------------------------------------------------------
